[2025-04-25 18:52:51] User 3 - Command: schtasks /Run /TN "CapturaWireshark_Usuario3" 2>&1
Output: CORRECTO: se ha intentado ejecutar la tarea programada "CapturaWireshark_Usuario3".
Return code: 0
[2025-04-25 18:57:36] User 3 - Command: schtasks /Run /TN "CapturaWireshark_Usuario3" 2>&1
Output: CORRECTO: se ha intentado ejecutar la tarea programada "CapturaWireshark_Usuario3".
Return code: 0
[2025-04-25 18:57:36] User 3 - Command: schtasks /Run /TN "CapturaWireshark_Usuario3" 2>&1
Output: CORRECTO: se ha intentado ejecutar la tarea programada "CapturaWireshark_Usuario3".
Return code: 0
[2025-04-25 18:58:57] User 3 - Command: schtasks /Run /TN "CapturaWireshark_Usuario3" 2>&1
Output: CORRECTO: se ha intentado ejecutar la tarea programada "CapturaWireshark_Usuario3".
Return code: 0
[2025-04-25 18:58:57] User 3 - Command: schtasks /Run /TN "CapturaWireshark_Usuario3" 2>&1
Output: CORRECTO: se ha intentado ejecutar la tarea programada "CapturaWireshark_Usuario3".
Return code: 0
[2025-04-25 19:04:27] User 3 - Command: schtasks /Run /TN "CapturaWireshark_Usuario3" 2>&1
Output: CORRECTO: se ha intentado ejecutar la tarea programada "CapturaWireshark_Usuario3".
Return code: 0
[2025-04-25 19:06:36] User 3 - Command: schtasks /Run /TN "CapturaWireshark_Usuario3" 2>&1
Output: CORRECTO: se ha intentado ejecutar la tarea programada "CapturaWireshark_Usuario3".
Return code: 0
[2025-04-25 19:06:36] User 3 - Command: schtasks /Run /TN "CapturaWireshark_Usuario3" 2>&1
Output: CORRECTO: se ha intentado ejecutar la tarea programada "CapturaWireshark_Usuario3".
Return code: 0
[2025-04-25 19:08:10] User 3 - Command: schtasks /Run /TN "CapturaWireshark_Usuario3" 2>&1
Output: CORRECTO: se ha intentado ejecutar la tarea programada "CapturaWireshark_Usuario3".
Return code: 0
[2025-04-25 19:08:10] User 3 - Command: schtasks /Run /TN "CapturaWireshark_Usuario3" 2>&1
Output: CORRECTO: se ha intentado ejecutar la tarea programada "CapturaWireshark_Usuario3".
Return code: 0
[2025-04-25 19:37:45] User 3 - Command: schtasks /Run /TN "CapturaWireshark_Usuario3" 2>&1
Output: CORRECTO: se ha intentado ejecutar la tarea programada "CapturaWireshark_Usuario3".
Return code: 0
[2025-04-25 19:37:45] User 3 - Command: schtasks /Run /TN "CapturaWireshark_Usuario3" 2>&1
Output: CORRECTO: se ha intentado ejecutar la tarea programada "CapturaWireshark_Usuario3".
Return code: 0
[2025-04-25 19:42:35] User 3 - Command: schtasks /Run /TN "CapturaWireshark_Usuario3" 2>&1
Output: CORRECTO: se ha intentado ejecutar la tarea programada "CapturaWireshark_Usuario3".
Return code: 0
[2025-04-25 19:46:41] User 3 - Command: schtasks /Run /TN "CapturaWireshark_Usuario3" 2>&1
Output: CORRECTO: se ha intentado ejecutar la tarea programada "CapturaWireshark_Usuario3".
Return code: 0
[2025-04-25 19:46:41] User 3 - Command: schtasks /Run /TN "CapturaWireshark_Usuario3" 2>&1
Output: CORRECTO: se ha intentado ejecutar la tarea programada "CapturaWireshark_Usuario3".
Return code: 0
[2025-04-25 19:47:16] User 3 - Command: schtasks /Run /TN "CapturaWireshark_Usuario3" 2>&1
Output: CORRECTO: se ha intentado ejecutar la tarea programada "CapturaWireshark_Usuario3".
Return code: 0
[2025-04-25 19:47:16] User 3 - Command: schtasks /Run /TN "CapturaWireshark_Usuario3" 2>&1
Output: CORRECTO: se ha intentado ejecutar la tarea programada "CapturaWireshark_Usuario3".
Return code: 0
[2025-04-25 19:49:36] User 3 - Command: schtasks /Run /TN "CapturaWireshark_Usuario3" 2>&1
Output: CORRECTO: se ha intentado ejecutar la tarea programada "CapturaWireshark_Usuario3".
Return code: 0
[2025-04-25 19:49:36] User 3 - Command: schtasks /Run /TN "CapturaWireshark_Usuario3" 2>&1
Output: CORRECTO: se ha intentado ejecutar la tarea programada "CapturaWireshark_Usuario3".
Return code: 0
[2025-04-25 20:13:24] User 3 - Command: schtasks /Run /TN "CapturaWireshark_Usuario3" 2>&1
Output: CORRECTO: se ha intentado ejecutar la tarea programada "CapturaWireshark_Usuario3".
Return code: 0
[2025-04-25 20:13:24] User 3 - Command: schtasks /Run /TN "CapturaWireshark_Usuario3" 2>&1
Output: CORRECTO: se ha intentado ejecutar la tarea programada "CapturaWireshark_Usuario3".
Return code: 0
[2025-04-25 20:14:46] User 3 - Command: schtasks /Run /TN "CapturaWireshark_Usuario3" 2>&1
Output: CORRECTO: se ha intentado ejecutar la tarea programada "CapturaWireshark_Usuario3".
Return code: 0
[2025-04-25 20:14:46] User 3 - Command: schtasks /Run /TN "CapturaWireshark_Usuario3" 2>&1
Output: CORRECTO: se ha intentado ejecutar la tarea programada "CapturaWireshark_Usuario3".
Return code: 0
[2025-04-26 14:37:19] User 3 - Command: schtasks /Run /TN "CapturaWireshark_Usuario3" 2>&1
Output: CORRECTO: se ha intentado ejecutar la tarea programada "CapturaWireshark_Usuario3".
Return code: 0
[2025-04-26 14:37:19] User 3 - Command: schtasks /Run /TN "CapturaWireshark_Usuario3" 2>&1
Output: INFORMACIàN: la tarea programada "CapturaWireshark_Usuario3" est  ejecut ndose actualmente.
CORRECTO: se ha intentado ejecutar la tarea programada "CapturaWireshark_Usuario3".
Return code: 0
[2025-04-26 14:49:55] User 3 - Command: schtasks /Run /TN "CapturaWireshark_Usuario3" 2>&1
Output: INFORMACIàN: la tarea programada "CapturaWireshark_Usuario3" est  ejecut ndose actualmente.
CORRECTO: se ha intentado ejecutar la tarea programada "CapturaWireshark_Usuario3".
Return code: 0
[2025-04-26 14:51:06] User 3 - Command: schtasks /Run /TN "CapturaWireshark_Usuario3" 2>&1
Output: CORRECTO: se ha intentado ejecutar la tarea programada "CapturaWireshark_Usuario3".
Return code: 0
[2025-04-26 14:52:27] User 2 - Command: schtasks /Run /TN "CapturaWireshark_Usuario2" 2>&1
Output: CORRECTO: se ha intentado ejecutar la tarea programada "CapturaWireshark_Usuario2".
Return code: 0
O: se ha intentado ejecutar la tarea programada "CapturaWireshark_Usuario2".
Return code: 0
[2025-04-26 15:01:40] User 2 - Command: schtasks /Run /TN "CapturaWireshark_Usuario2" 2>&1
Output: CORRECTO: se ha intentado ejecutar la tarea programada "CapturaWireshark_Usuario2".
Return code: 0
[2025-04-26 15:01:40] User 2 - Command: schtasks /Run /TN "CapturaWireshark_Usuario2" 2>&1
Output: INFORMACIàN: la tarea programada "CapturaWireshark_Usuario2" est  ejecut ndose actualmente.
CORRECTO: se ha intentado ejecutar la tarea programada "CapturaWireshark_Usuario2".
Return code: 0
[2025-04-26 15:06:50] User 3 - Command: schtasks /Run /TN "CapturaWireshark_Usuario3" 2>&1
Output: CORRECTO: se ha intentado ejecutar la tarea programada "CapturaWireshark_Usuario3".
Return code: 0
O: se ha intentado ejecutar la tarea programada "CapturaWireshark_Usuario3".
Return code: 0
[2025-04-26 15:13:33] User 3 - Command: schtasks /Run /TN "CapturaWireshark_Usuario3" 2>&1
Output: INFORMACIàN: la tarea programada "CapturaWireshark_Usuario3" est  ejecut ndose actualmente.
CORRECTO: se ha intentado ejecutar la tarea programada "CapturaWireshark_Usuario3".
Return code: 0
[2025-04-26 15:34:13] User 2 - Command: schtasks /Run /TN "CapturaWireshark_Usuario2" 2>&1
Output: INFORMACIàN: la tarea programada "CapturaWireshark_Usuario2" est  ejecut ndose actualmente.
CORRECTO: se ha intentado ejecutar la tarea programada "CapturaWireshark_Usuario2".
Return code: 0
[2025-04-26 15:34:13] User 2 - Command: schtasks /Run /TN "CapturaWireshark_Usuario2" 2>&1
Output: CORRECTO: se ha intentado ejecutar la tarea programada "CapturaWireshark_Usuario2".
Return code: 0
[2025-04-26 15:46:47] User 2 - Command: schtasks /Run /TN "CapturaWireshark_Usuario2" 2>&1
Output: CORRECTO: se ha intentado ejecutar la tarea programada "CapturaWireshark_Usuario2".
Return code: 0
[2025-04-26 15:46:47] User 2 - Command: schtasks /Run /TN "CapturaWireshark_Usuario2" 2>&1
Output: CORRECTO: se ha intentado ejecutar la tarea programada "CapturaWireshark_Usuario2".
Return code: 0
[2025-04-26 15:47:53] User 2 - Command: schtasks /Run /TN "CapturaWireshark_Usuario2" 2>&1
Output: CORRECTO: se ha intentado ejecutar la tarea programada "CapturaWireshark_Usuario2".
Return code: 0
[2025-04-26 15:47:53] User 2 - Command: schtasks /Run /TN "CapturaWireshark_Usuario2" 2>&1
Output: CORRECTO: se ha intentado ejecutar la tarea programada "CapturaWireshark_Usuario2".
Return code: 0
[2025-04-26 16:08:33] User 2 - Command: schtasks /Run /TN "CapturaWireshark_Usuario2" 2>&1
Output: CORRECTO: se ha intentado ejecutar la tarea programada "CapturaWireshark_Usuario2".
Return code: 0
[2025-04-26 16:10:17] User 2 - Command: schtasks /Run /TN "CapturaWireshark_Usuario2" 2>&1
Output: CORRECTO: se ha intentado ejecutar la tarea programada "CapturaWireshark_Usuario2".
Return code: 0
[2025-04-26 16:10:17] User 2 - Command: schtasks /Run /TN "CapturaWireshark_Usuario2" 2>&1
Output: INFORMACIàN: la tarea programada "CapturaWireshark_Usuario2" est  ejecut ndose actualmente.
CORRECTO: se ha intentado ejecutar la tarea programada "CapturaWireshark_Usuario2".
Return code: 0
[2025-04-26 16:12:06] User 3 - Command: schtasks /Run /TN "CapturaWireshark_Usuario3" 2>&1
Output: CORRECTO: se ha intentado ejecutar la tarea programada "CapturaWireshark_Usuario3".
Return code: 0
[2025-04-26 16:12:06] User 3 - Command: schtasks /Run /TN "CapturaWireshark_Usuario3" 2>&1
Output: INFORMACIàN: la tarea programada "CapturaWireshark_Usuario3" est  ejecut ndose actualmente.
CORRECTO: se ha intentado ejecutar la tarea programada "CapturaWireshark_Usuario3".
Return code: 0
[2025-04-26 21:26:03] User 2 - Command: schtasks /Run /TN "CapturaWireshark_Usuario2" 2>&1
Output: CORRECTO: se ha intentado ejecutar la tarea programada "CapturaWireshark_Usuario2".
Return code: 0
[2025-04-26 21:26:03] User 2 - Command: schtasks /Run /TN "CapturaWireshark_Usuario2" 2>&1
Output: INFORMACIàN: la tarea programada "CapturaWireshark_Usuario2" est  ejecut ndose actualmente.
CORRECTO: se ha intentado ejecutar la tarea programada "CapturaWireshark_Usuario2".
Return code: 0
[2025-04-26 21:29:36] User 3 - Command: schtasks /Run /TN "CapturaWireshark_Usuario3" 2>&1
Output: CORRECTO: se ha intentado ejecutar la tarea programada "CapturaWireshark_Usuario3".
Return code: 0
[2025-04-26 21:29:36] User 3 - Command: schtasks /Run /TN "CapturaWireshark_Usuario3" 2>&1
Output: CORRECTO: se ha intentado ejecutar la tarea programada "CapturaWireshark_Usuario3".
Return code: 0
[2025-04-27 15:12:49] User 2 - Command: schtasks /Run /TN "CapturaWireshark_Usuario2" 2>&1
Output: INFORMACIàN: la tarea programada "CapturaWireshark_Usuario2" est  ejecut ndose actualmente.
CORRECTO: se ha intentado ejecutar la tarea programada "CapturaWireshark_Usuario2".
Return code: 0
[2025-04-27 15:15:12] User 3 - Command: schtasks /Run /TN "CapturaWireshark_Usuario3" 2>&1
Output: CORRECTO: se ha intentado ejecutar la tarea programada "CapturaWireshark_Usuario3".
Return code: 0
[2025-04-27 15:15:12] User 3 - Command: schtasks /Run /TN "CapturaWireshark_Usuario3" 2>&1
Output: INFORMACIàN: la tarea programada "CapturaWireshark_Usuario3" est  ejecut ndose actualmente.
CORRECTO: se ha intentado ejecutar la tarea programada "CapturaWireshark_Usuario3".
Return code: 0
[2025-04-27 20:21:12] User 3 - Command: schtasks /Run /TN "CapturaWireshark_Usuario3" 2>&1
Output: CORRECTO: se ha intentado ejecutar la tarea programada "CapturaWireshark_Usuario3".
Return code: 0
[2025-04-27 20:21:12] User 3 - Command: schtasks /Run /TN "CapturaWireshark_Usuario3" 2>&1
Output: CORRECTO: se ha intentado ejecutar la tarea programada "CapturaWireshark_Usuario3".
Return code: 0
[2025-04-27 20:58:55] User 3 - Command: schtasks /Run /TN "CapturaWireshark_Usuario3" 2>&1
Output: CORRECTO: se ha intentado ejecutar la tarea programada "CapturaWireshark_Usuario3".
Return code: 0
[2025-04-27 20:58:55] User 3 - Command: schtasks /Run /TN "CapturaWireshark_Usuario3" 2>&1
Output: INFORMACIàN: la tarea programada "CapturaWireshark_Usuario3" est  ejecut ndose actualmente.
CORRECTO: se ha intentado ejecutar la tarea programada "CapturaWireshark_Usuario3".
Return code: 0
[2025-04-27 20:59:39] User 3 - Command: schtasks /Run /TN "CapturaWireshark_Usuario3" 2>&1
Output: CORRECTO: se ha intentado ejecutar la tarea programada "CapturaWireshark_Usuario3".
Return code: 0
[2025-04-27 20:59:39] User 3 - Command: schtasks /Run /TN "CapturaWireshark_Usuario3" 2>&1
Output: INFORMACIàN: la tarea programada "CapturaWireshark_Usuario3" est  ejecut ndose actualmente.
CORRECTO: se ha intentado ejecutar la tarea programada "CapturaWireshark_Usuario3".
Return code: 0
[2025-05-12 13:50:04] User 3 - Command: schtasks /Run /TN "CapturaWireshark_Usuario3" 2>&1
Output: CORRECTO: se ha intentado ejecutar la tarea programada "CapturaWireshark_Usuario3".
Return code: 0
O: se ha intentado ejecutar la tarea programada "CapturaWireshark_Usuario3".
Return code: 0
[2025-05-12 13:54:21] User 3 - Command: schtasks /Run /TN "CapturaWireshark_Usuario3" 2>&1
Output: CORRECTO: se ha intentado ejecutar la tarea programada "CapturaWireshark_Usuario3".
Return code: 0
[2025-05-12 13:54:21] User 3 - Command: schtasks /Run /TN "CapturaWireshark_Usuario3" 2>&1
Output: INFORMACIàN: la tarea programada "CapturaWireshark_Usuario3" est  ejecut ndose actualmente.
CORRECTO: se ha intentado ejecutar la tarea programada "CapturaWireshark_Usuario3".
Return code: 0
[2025-05-12 13:58:30] User 3 - Command: schtasks /Run /TN "CapturaWireshark_Usuario3" 2>&1
Output: CORRECTO: se ha intentado ejecutar la tarea programada "CapturaWireshark_Usuario3".
Return code: 0
[2025-05-12 14:02:31] User 3 - Command: schtasks /Run /TN "CapturaWireshark_Usuario3" 2>&1
Output: CORRECTO: se ha intentado ejecutar la tarea programada "CapturaWireshark_Usuario3".
Return code: 0
[2025-05-12 14:02:31] User 3 - Command: schtasks /Run /TN "CapturaWireshark_Usuario3" 2>&1
Output: CORRECTO: se ha intentado ejecutar la tarea programada "CapturaWireshark_Usuario3".
Return code: 0
[2025-05-12 14:05:19] User 3 - Command: schtasks /Run /TN "CapturaWireshark_Usuario3" 2>&1
Output: CORRECTO: se ha intentado ejecutar la tarea programada "CapturaWireshark_Usuario3".
Return code: 0
[2025-05-12 14:05:19] User 3 - Command: schtasks /Run /TN "CapturaWireshark_Usuario3" 2>&1
Output: INFORMACIàN: la tarea programada "CapturaWireshark_Usuario3" est  ejecut ndose actualmente.
CORRECTO: se ha intentado ejecutar la tarea programada "CapturaWireshark_Usuario3".
Return code: 0
[2025-05-12 14:14:10] User 3 - Command: schtasks /Run /TN "CapturaWireshark_Usuario3" 2>&1
Output: CORRECTO: se ha intentado ejecutar la tarea programada "CapturaWireshark_Usuario3".
Return code: 0
[2025-05-12 14:14:10] User 3 - Command: schtasks /Run /TN "CapturaWireshark_Usuario3" 2>&1
Output: INFORMACIàN: la tarea programada "CapturaWireshark_Usuario3" est  ejecut ndose actualmente.
CORRECTO: se ha intentado ejecutar la tarea programada "CapturaWireshark_Usuario3".
Return code: 0
[2025-05-21 17:53:25] User 3 - Command: schtasks /Run /TN "CapturaWireshark_Usuario3" 2>&1
Output: INFORMACIàN: la tarea programada "CapturaWireshark_Usuario3" est  ejecut ndose actualmente.
CORRECTO: se ha intentado ejecutar la tarea programada "CapturaWireshark_Usuario3".
Return code: 0
[2025-05-22 12:08:55] User 2 - Command: schtasks /Run /TN "CapturaWireshark_Usuario2" 2>&1
Output: CORRECTO: se ha intentado ejecutar la tarea programada "CapturaWireshark_Usuario2".
Return code: 0
[2025-05-22 12:08:55] User 2 - Command: schtasks /Run /TN "CapturaWireshark_Usuario2" 2>&1
Output: INFORMACIàN: la tarea programada "CapturaWireshark_Usuario2" est  ejecut ndose actualmente.
CORRECTO: se ha intentado ejecutar la tarea programada "CapturaWireshark_Usuario2".
Return code: 0
[2025-05-22 12:12:06] User 3 - Command: schtasks /Run /TN "CapturaWireshark_Usuario3" 2>&1
Output: CORRECTO: se ha intentado ejecutar la tarea programada "CapturaWireshark_Usuario3".
Return code: 0
[2025-05-22 12:22:01] User 3 - Command: schtasks /Run /TN "CapturaWireshark_Usuario3" 2>&1
Output: CORRECTO: se ha intentado ejecutar la tarea programada "CapturaWireshark_Usuario3".
Return code: 0
[2025-05-22 13:41:32] User 2 - Command: schtasks /Run /TN "CapturaWireshark_Usuario2" 2>&1
Output: INFORMACIàN: la tarea programada "CapturaWireshark_Usuario2" est  ejecut ndose actualmente.
CORRECTO: se ha intentado ejecutar la tarea programada "CapturaWireshark_Usuario2".
Return code: 0
[2025-05-22 13:41:32] User 2 - Command: schtasks /Run /TN "CapturaWireshark_Usuario2" 2>&1
Output: CORRECTO: se ha intentado ejecutar la tarea programada "CapturaWireshark_Usuario2".
Return code: 0
[2025-05-22 13:51:33] User 2 - Command: schtasks /Run /TN "CapturaWireshark_Usuario2" 2>&1
Output: CORRECTO: se ha intentado ejecutar la tarea programada "CapturaWireshark_Usuario2".
Return code: 0
[2025-05-22 13:51:33] User 2 - Command: schtasks /Run /TN "CapturaWireshark_Usuario2" 2>&1
Output: INFORMACIàN: la tarea programada "CapturaWireshark_Usuario2" est  ejecut ndose actualmente.
CORRECTO: se ha intentado ejecutar la tarea programada "CapturaWireshark_Usuario2".
Return code: 0
[2025-05-22 14:01:05] User 3 - Command: schtasks /Run /TN "CapturaWireshark_Usuario3" 2>&1
Output: CORRECTO: se ha intentado ejecutar la tarea programada "CapturaWireshark_Usuario3".
Return code: 0
O: se ha intentado ejecutar la tarea programada "CapturaWireshark_Usuario3".
Return code: 0
[2025-05-22 14:42:44] User 3 - Command: schtasks /Run /TN "CapturaWireshark_Usuario3" 2>&1
Output: CORRECTO: se ha intentado ejecutar la tarea programada "CapturaWireshark_Usuario3".
Return code: 0
O: se ha intentado ejecutar la tarea programada "CapturaWireshark_Usuario3".
Return code: 0
[2025-05-22 14:49:49] User 3 - Command: schtasks /Run /TN "CapturaWireshark_Usuario3" 2>&1
Output: CORRECTO: se ha intentado ejecutar la tarea programada "CapturaWireshark_Usuario3".
Return code: 0
[2025-05-22 14:49:49] User 3 - Command: schtasks /Run /TN "CapturaWireshark_Usuario3" 2>&1
Output: INFORMACIàN: la tarea programada "CapturaWireshark_Usuario3" est  ejecut ndose actualmente.
CORRECTO: se ha intentado ejecutar la tarea programada "CapturaWireshark_Usuario3".
Return code: 0
[2025-05-22 15:01:23] User 3 - Command: schtasks /Run /TN "CapturaWireshark_Usuario3" 2>&1
Output: CORRECTO: se ha intentado ejecutar la tarea programada "CapturaWireshark_Usuario3".
Return code: 0
[2025-05-22 15:11:29] User 3 - Command: schtasks /Run /TN "CapturaWireshark_Usuario3" 2>&1
Output: CORRECTO: se ha intentado ejecutar la tarea programada "CapturaWireshark_Usuario3".
Return code: 0
[2025-05-22 15:11:29] User 3 - Command: schtasks /Run /TN "CapturaWireshark_Usuario3" 2>&1
Output: CORRECTO: se ha intentado ejecutar la tarea programada "CapturaWireshark_Usuario3".
Return code: 0
[2025-05-22 15:56:54] User 2 - Command: schtasks /Run /TN "CapturaWireshark_Usuario2" 2>&1
Output: CORRECTO: se ha intentado ejecutar la tarea programada "CapturaWireshark_Usuario2".
Return code: 0
[2025-05-22 15:56:54] User 2 - Command: schtasks /Run /TN "CapturaWireshark_Usuario2" 2>&1
Output: INFORMACIàN: la tarea programada "CapturaWireshark_Usuario2" est  ejecut ndose actualmente.
CORRECTO: se ha intentado ejecutar la tarea programada "CapturaWireshark_Usuario2".
Return code: 0
[2025-05-22 16:08:31] User 2 - Command: schtasks /Run /TN "CapturaWireshark_Usuario2" 2>&1
Output: CORRECTO: se ha intentado ejecutar la tarea programada "CapturaWireshark_Usuario2".
Return code: 0
[2025-05-22 16:08:31] User 2 - Command: schtasks /Run /TN "CapturaWireshark_Usuario2" 2>&1
Output: INFORMACIàN: la tarea programada "CapturaWireshark_Usuario2" est  ejecut ndose actualmente.
CORRECTO: se ha intentado ejecutar la tarea programada "CapturaWireshark_Usuario2".
Return code: 0
[2025-05-22 19:18:32] User 3 - Command: schtasks /Run /TN "CapturaWireshark_Usuario3" 2>&1
Output: CORRECTO: se ha intentado ejecutar la tarea programada "CapturaWireshark_Usuario3".
Return code: 0
O: se ha intentado ejecutar la tarea programada "CapturaWireshark_Usuario3".
Return code: 0
[2025-05-22 22:37:10] User 3 - Command: schtasks /Run /TN "CapturaWireshark_Usuario3" 2>&1
Output: CORRECTO: se ha intentado ejecutar la tarea programada "CapturaWireshark_Usuario3".
Return code: 0
[2025-05-22 22:37:10] User 3 - Command: schtasks /Run /TN "CapturaWireshark_Usuario3" 2>&1
Output: INFORMACIàN: la tarea programada "CapturaWireshark_Usuario3" est  ejecut ndose actualmente.
CORRECTO: se ha intentado ejecutar la tarea programada "CapturaWireshark_Usuario3".
Return code: 0
[2025-05-22 22:43:38] User 2 - Command: schtasks /Run /TN "CapturaWireshark_Usuario2" 2>&1
Output: INFORMACIàN: la tarea programada "CapturaWireshark_Usuario2" est  ejecut ndose actualmente.
CORRECTO: se ha intentado ejecutar la tarea programada "CapturaWireshark_Usuario2".
Return code: 0
[2025-05-22 22:43:38] User 2 - Command: schtasks /Run /TN "CapturaWireshark_Usuario2" 2>&1
Output: CORRECTO: se ha intentado ejecutar la tarea programada "CapturaWireshark_Usuario2".
Return code: 0
[2025-05-25 18:24:07] User 3 - Command: schtasks /Run /TN "CapturaWireshark_Usuario3" 2>&1
Output: INFORMACIàN: la tarea programada "CapturaWireshark_Usuario3" est  ejecut ndose actualmente.
CORRECTO: se ha intentado ejecutar la tarea programada "CapturaWireshark_Usuario3".
Return code: 0
[2025-05-25 18:24:07] User 3 - Command: schtasks /Run /TN "CapturaWireshark_Usuario3" 2>&1
Output: CORRECTO: se ha intentado ejecutar la tarea programada "CapturaWireshark_Usuario3".
Return code: 0
[2025-05-25 18:57:49] User 3 - Command: schtasks /Run /TN "CapturaWireshark_Usuario3" 2>&1
Output: INFORMACIàN: la tarea programada "CapturaWireshark_Usuario3" est  ejecut ndose actualmente.
CORRECTO: se ha intentado ejecutar la tarea programada "CapturaWireshark_Usuario3".
Return code: 0
[2025-05-25 18:57:49] User 3 - Command: schtasks /Run /TN "CapturaWireshark_Usuario3" 2>&1
Output: CORRECTO: se ha intentado ejecutar la tarea programada "CapturaWireshark_Usuario3".
Return code: 0
[2025-05-25 19:16:38] User 2 - Command: schtasks /Run /TN "CapturaWireshark_Usuario2" 2>&1
Output: CORRECTO: se ha intentado ejecutar la tarea programada "CapturaWireshark_Usuario2".
Return code: 0
O: se ha intentado ejecutar la tarea programada "CapturaWireshark_Usuario2".
Return code: 0
[2025-05-25 19:38:26] User 2 - Command: schtasks /Run /TN "CapturaWireshark_Usuario2" 2>&1
Output: CORRECTO: se ha intentado ejecutar la tarea programada "CapturaWireshark_Usuario2".
Return code: 0
[2025-05-25 19:38:26] User 2 - Command: schtasks /Run /TN "CapturaWireshark_Usuario2" 2>&1
Output: INFORMACIàN: la tarea programada "CapturaWireshark_Usuario2" est  ejecut ndose actualmente.
CORRECTO: se ha intentado ejecutar la tarea programada "CapturaWireshark_Usuario2".
Return code: 0
[2025-05-25 23:20:57] User 3 - Command: schtasks /Run /TN "CapturaWireshark_Usuario3" 2>&1
Output: INFORMACIàN: la tarea programada "CapturaWireshark_Usuario3" est  ejecut ndose actualmente.
CORRECTO: se ha intentado ejecutar la tarea programada "CapturaWireshark_Usuario3".
Return code: 0
[2025-05-25 23:20:57] User 3 - Command: schtasks /Run /TN "CapturaWireshark_Usuario3" 2>&1
Output: CORRECTO: se ha intentado ejecutar la tarea programada "CapturaWireshark_Usuario3".
Return code: 0
[2025-05-25 23:35:46] User 3 - Command: schtasks /Run /TN "CapturaWireshark_Usuario3" 2>&1
Output: CORRECTO: se ha intentado ejecutar la tarea programada "CapturaWireshark_Usuario3".
Return code: 0
[2025-05-25 23:35:46] User 3 - Command: schtasks /Run /TN "CapturaWireshark_Usuario3" 2>&1
Output: INFORMACIàN: la tarea programada "CapturaWireshark_Usuario3" est  ejecut ndose actualmente.
CORRECTO: se ha intentado ejecutar la tarea programada "CapturaWireshark_Usuario3".
Return code: 0
[2025-05-26 12:06:01] User 3 - Command: schtasks /Run /TN "CapturaWireshark_Usuario3" 2>&1
Output: CORRECTO: se ha intentado ejecutar la tarea programada "CapturaWireshark_Usuario3".
Return code: 0
[2025-05-26 12:06:01] User 3 - Command: schtasks /Run /TN "CapturaWireshark_Usuario3" 2>&1
Output: INFORMACIàN: la tarea programada "CapturaWireshark_Usuario3" est  ejecut ndose actualmente.
CORRECTO: se ha intentado ejecutar la tarea programada "CapturaWireshark_Usuario3".
Return code: 0
[2025-05-26 12:23:57] User 3 - Command: schtasks /Run /TN "CapturaWireshark_Usuario3" 2>&1
Output: CORRECTO: se ha intentado ejecutar la tarea programada "CapturaWireshark_Usuario3".
Return code: 0
[2025-05-26 12:44:38] User 2 - Command: schtasks /Run /TN "CapturaWireshark_Usuario2" 2>&1
Output: CORRECTO: se ha intentado ejecutar la tarea programada "CapturaWireshark_Usuario2".
Return code: 0
O: se ha intentado ejecutar la tarea programada "CapturaWireshark_Usuario2".
Return code: 0
[2025-05-26 13:05:11] User 2 - Command: schtasks /Run /TN "CapturaWireshark_Usuario2" 2>&1
Output: CORRECTO: se ha intentado ejecutar la tarea programada "CapturaWireshark_Usuario2".
Return code: 0
[2025-05-26 13:05:11] User 2 - Command: schtasks /Run /TN "CapturaWireshark_Usuario2" 2>&1
Output: INFORMACIàN: la tarea programada "CapturaWireshark_Usuario2" est  ejecut ndose actualmente.
CORRECTO: se ha intentado ejecutar la tarea programada "CapturaWireshark_Usuario2".
Return code: 0
[2025-05-26 13:19:32] User 2 - Command: schtasks /Run /TN "CapturaWireshark_Usuario2" 2>&1
Output: CORRECTO: se ha intentado ejecutar la tarea programada "CapturaWireshark_Usuario2".
Return code: 0
[2025-05-26 13:19:32] User 2 - Command: schtasks /Run /TN "CapturaWireshark_Usuario2" 2>&1
Output: CORRECTO: se ha intentado ejecutar la tarea programada "CapturaWireshark_Usuario2".
Return code: 0
[2025-05-26 13:27:45] User 3 - Command: schtasks /Run /TN "CapturaWireshark_Usuario3" 2>&1
Output: CORRECTO: se ha intentado ejecutar la tarea programada "CapturaWireshark_Usuario3".
Return code: 0
[2025-05-26 13:27:45] User 3 - Command: schtasks /Run /TN "CapturaWireshark_Usuario3" 2>&1
Output: INFORMACIàN: la tarea programada "CapturaWireshark_Usuario3" est  ejecut ndose actualmente.
CORRECTO: se ha intentado ejecutar la tarea programada "CapturaWireshark_Usuario3".
Return code: 0
[2025-05-26 13:43:57] User 3 - Command: schtasks /Run /TN "CapturaWireshark_Usuario3" 2>&1
Output: CORRECTO: se ha intentado ejecutar la tarea programada "CapturaWireshark_Usuario3".
Return code: 0
[2025-05-26 13:43:57] User 3 - Command: schtasks /Run /TN "CapturaWireshark_Usuario3" 2>&1
Output: CORRECTO: se ha intentado ejecutar la tarea programada "CapturaWireshark_Usuario3".
Return code: 0
[2025-05-26 14:14:20] User 2 - Command: schtasks /Run /TN "CapturaWireshark_Usuario2" 2>&1
Output: CORRECTO: se ha intentado ejecutar la tarea programada "CapturaWireshark_Usuario2".
Return code: 0
[2025-05-26 14:14:20] User 2 - Command: schtasks /Run /TN "CapturaWireshark_Usuario2" 2>&1
Output: INFORMACIàN: la tarea programada "CapturaWireshark_Usuario2" est  ejecut ndose actualmente.
CORRECTO: se ha intentado ejecutar la tarea programada "CapturaWireshark_Usuario2".
Return code: 0
[2025-05-26 14:35:17] User 2 - Command: schtasks /Run /TN "CapturaWireshark_Usuario2" 2>&1
Output: CORRECTO: se ha intentado ejecutar la tarea programada "CapturaWireshark_Usuario2".
Return code: 0
[2025-05-26 14:35:17] User 2 - Command: schtasks /Run /TN "CapturaWireshark_Usuario2" 2>&1
Output: INFORMACIàN: la tarea programada "CapturaWireshark_Usuario2" est  ejecut ndose actualmente.
CORRECTO: se ha intentado ejecutar la tarea programada "CapturaWireshark_Usuario2".
Return code: 0
[2025-05-26 14:36:39] User 2 - Command: schtasks /Run /TN "CapturaWireshark_Usuario2" 2>&1
Output: CORRECTO: se ha intentado ejecutar la tarea programada "CapturaWireshark_Usuario2".
Return code: 0
[2025-05-26 14:36:39] User 2 - Command: schtasks /Run /TN "CapturaWireshark_Usuario2" 2>&1
Output: CORRECTO: se ha intentado ejecutar la tarea programada "CapturaWireshark_Usuario2".
Return code: 0
[2025-05-26 22:01:33] SESIÓN #1 - User 3 - Command: schtasks /Run /TN "CapturaWireshark_Usuario3" 2>&1
Output: CORRECTO: se ha intentado ejecutar la tarea programada "CapturaWireshark_Usuario3".
Return code: 0
Task: CapturaWireshark_Usuario3
--------------------------------------------------------------------------------
k_Usuario3
--------------------------------------------------------------------------------
[2025-05-26 22:02:52] SESIÓN #3 - User 2 - Command: schtasks /Run /TN "CapturaWireshark_Usuario2" 2>&1
Output: CORRECTO: se ha intentado ejecutar la tarea programada "CapturaWireshark_Usuario2".
Return code: 0
Task: CapturaWireshark_Usuario2
--------------------------------------------------------------------------------
k_Usuario2
--------------------------------------------------------------------------------
[2025-05-27 11:34:42] SESIÓN #4 - User 2 - Command: schtasks /Run /TN "CapturaWireshark_Usuario2" 2>&1
Output: CORRECTO: se ha intentado ejecutar la tarea programada "CapturaWireshark_Usuario2".
Return code: 0
Task: CapturaWireshark_Usuario2
--------------------------------------------------------------------------------
[2025-05-27 11:34:42] SESIÓN #5 - User 2 - Command: schtasks /Run /TN "CapturaWireshark_Usuario2" 2>&1
Output: INFORMACIàN: la tarea programada "CapturaWireshark_Usuario2" est  ejecut ndose actualmente.
CORRECTO: se ha intentado ejecutar la tarea programada "CapturaWireshark_Usuario2".
Return code: 0
Task: CapturaWireshark_Usuario2
--------------------------------------------------------------------------------
[2025-05-27 11:36:44] SESIÓN #6 - User 2 - Command: schtasks /Run /TN "CapturaWireshark_Usuario2" 2>&1
Output: CORRECTO: se ha intentado ejecutar la tarea programada "CapturaWireshark_Usuario2".
Return code: 0
Task: CapturaWireshark_Usuario2
--------------------------------------------------------------------------------
[2025-05-27 11:36:44] SESIÓN #7 - User 2 - Command: schtasks /Run /TN "CapturaWireshark_Usuario2" 2>&1
Output: INFORMACIàN: la tarea programada "CapturaWireshark_Usuario2" est  ejecut ndose actualmente.
CORRECTO: se ha intentado ejecutar la tarea programada "CapturaWireshark_Usuario2".
Return code: 0
Task: CapturaWireshark_Usuario2
--------------------------------------------------------------------------------
[2025-05-27 11:47:41] SESIÓN #9 - User 2 - Command: schtasks /Run /TN "CapturaWireshark_Usuario2" 2>&1
Output: INFORMACIàN: la tarea programada "CapturaWireshark_Usuario2" est  ejecut ndose actualmente.
CORRECTO: se ha intentado ejecutar la tarea programada "CapturaWireshark_Usuario2".
Return code: 0
Task: CapturaWireshark_Usuario2
--------------------------------------------------------------------------------
[2025-05-27 11:47:41] SESIÓN #8 - User 2 - Command: schtasks /Run /TN "CapturaWireshark_Usuario2" 2>&1
Output: CORRECTO: se ha intentado ejecutar la tarea programada "CapturaWireshark_Usuario2".
Return code: 0
Task: CapturaWireshark_Usuario2
--------------------------------------------------------------------------------
[2025-05-27 12:14:46] SESIÓN #10 - User 2 - Command: schtasks /Run /TN "CapturaWireshark_Usuario2" 2>&1
Output: CORRECTO: se ha intentado ejecutar la tarea programada "CapturaWireshark_Usuario2".
Return code: 0
Task: CapturaWireshark_Usuario2
--------------------------------------------------------------------------------
[2025-05-27 12:14:46] SESIÓN #11 - User 2 - Command: schtasks /Run /TN "CapturaWireshark_Usuario2" 2>&1
Output: INFORMACIàN: la tarea programada "CapturaWireshark_Usuario2" est  ejecut ndose actualmente.
CORRECTO: se ha intentado ejecutar la tarea programada "CapturaWireshark_Usuario2".
Return code: 0
Task: CapturaWireshark_Usuario2
--------------------------------------------------------------------------------
[2025-05-28 12:13:06] SESIÓN #12 - User 2 - Command: schtasks /Run /TN "CapturaWireshark_Usuario2" 2>&1
Output: INFORMACIàN: la tarea programada "CapturaWireshark_Usuario2" est  ejecut ndose actualmente.
CORRECTO: se ha intentado ejecutar la tarea programada "CapturaWireshark_Usuario2".
Return code: 0
Task: CapturaWireshark_Usuario2
--------------------------------------------------------------------------------
[2025-05-28 22:21:46] SESIÓN #13 - User 3 - Command: schtasks /Run /TN "CapturaWireshark_Usuario3" 2>&1
Output: INFORMACIàN: la tarea programada "CapturaWireshark_Usuario3" est  ejecut ndose actualmente.
CORRECTO: se ha intentado ejecutar la tarea programada "CapturaWireshark_Usuario3".
Return code: 0
Task: CapturaWireshark_Usuario3
--------------------------------------------------------------------------------
[2025-05-29 14:28:01] SESIÓN #14 - User 3 - Command: schtasks /Run /TN "CapturaWireshark_Usuario3" 2>&1
Output: CORRECTO: se ha intentado ejecutar la tarea programada "CapturaWireshark_Usuario3".
Return code: 0
Task: CapturaWireshark_Usuario3
--------------------------------------------------------------------------------
[2025-05-29 14:28:01] SESIÓN #15 - User 3 - Command: schtasks /Run /TN "CapturaWireshark_Usuario3" 2>&1
Output: INFORMACIàN: la tarea programada "CapturaWireshark_Usuario3" est  ejecut ndose actualmente.
CORRECTO: se ha intentado ejecutar la tarea programada "CapturaWireshark_Usuario3".
Return code: 0
Task: CapturaWireshark_Usuario3
--------------------------------------------------------------------------------
[2025-05-29 14:51:03] SESIÓN #16 - User 2 - Command: schtasks /Run /TN "CapturaWireshark_Usuario2" 2>&1
Output: CORRECTO: se ha intentado ejecutar la tarea programada "CapturaWireshark_Usuario2".
Return code: 0
Task: CapturaWireshark_Usuario2
--------------------------------------------------------------------------------
[2025-05-29 14:51:03] SESIÓN #16 - User 2 - Command: schtasks /Run /TN "CapturaWireshark_Usuario2" 2>&1
Output: INFORMACIàN: la tarea programada "CapturaWireshark_Usuario2" est  ejecut ndose actualmente.
CORRECTO: se ha intentado ejecutar la tarea programada "CapturaWireshark_Usuario2".
Return code: 0
Task: CapturaWireshark_Usuario2
--------------------------------------------------------------------------------
[2025-05-29 21:18:04] SESIÓN #17 - User 3 - Command: schtasks /Run /TN "CapturaWireshark_Usuario3" 2>&1
Output: CORRECTO: se ha intentado ejecutar la tarea programada "CapturaWireshark_Usuario3".
Return code: 0
Task: CapturaWireshark_Usuario3
--------------------------------------------------------------------------------
k_Usuario3
--------------------------------------------------------------------------------
[2025-05-31 17:12:21] SESIÓN #18 - User 3 - Command: schtasks /Run /TN "CapturaWireshark_Usuario3" 2>&1
Output: CORRECTO: se ha intentado ejecutar la tarea programada "CapturaWireshark_Usuario3".
Return code: 0
Task: CapturaWireshark_Usuario3
--------------------------------------------------------------------------------
[2025-05-31 17:12:21] SESIÓN #18 - User 3 - Command: schtasks /Run /TN "CapturaWireshark_Usuario3" 2>&1
Output: INFORMACIàN: la tarea programada "CapturaWireshark_Usuario3" est  ejecut ndose actualmente.
CORRECTO: se ha intentado ejecutar la tarea programada "CapturaWireshark_Usuario3".
Return code: 0
Task: CapturaWireshark_Usuario3
--------------------------------------------------------------------------------
[2025-06-01 15:07:24] SESIÓN #19 - User 2 - Command: schtasks /Run /TN "CapturaWireshark_Usuario2" 2>&1
Output: CORRECTO: se ha intentado ejecutar la tarea programada "CapturaWireshark_Usuario2".
Return code: 0
Task: CapturaWireshark_Usuario2
--------------------------------------------------------------------------------
[2025-06-01 15:07:24] SESIÓN #19 - User 2 - Command: schtasks /Run /TN "CapturaWireshark_Usuario2" 2>&1
Output: INFORMACIàN: la tarea programada "CapturaWireshark_Usuario2" est  ejecut ndose actualmente.
CORRECTO: se ha intentado ejecutar la tarea programada "CapturaWireshark_Usuario2".
Return code: 0
Task: CapturaWireshark_Usuario2
--------------------------------------------------------------------------------
[2025-06-01 17:30:57] SESIÓN #20 - User 3 - Command: schtasks /Run /TN "CapturaWireshark_Usuario3" 2>&1
Output: CORRECTO: se ha intentado ejecutar la tarea programada "CapturaWireshark_Usuario3".
Return code: 0
Task: CapturaWireshark_Usuario3
--------------------------------------------------------------------------------
[2025-06-01 17:30:57] SESIÓN #21 - User 3 - Command: schtasks /Run /TN "CapturaWireshark_Usuario3" 2>&1
Output: CORRECTO: se ha intentado ejecutar la tarea programada "CapturaWireshark_Usuario3".
Return code: 0
Task: CapturaWireshark_Usuario3
--------------------------------------------------------------------------------
[2025-06-01 17:42:21] SESIÓN #22 - User 3 - Command: schtasks /Run /TN "CapturaWireshark_Usuario3" 2>&1
Output: CORRECTO: se ha intentado ejecutar la tarea programada "CapturaWireshark_Usuario3".
Return code: 0
Task: CapturaWireshark_Usuario3
--------------------------------------------------------------------------------
[2025-06-01 17:42:21] SESIÓN #23 - User 3 - Command: schtasks /Run /TN "CapturaWireshark_Usuario3" 2>&1
Output: CORRECTO: se ha intentado ejecutar la tarea programada "CapturaWireshark_Usuario3".
Return code: 0
Task: CapturaWireshark_Usuario3
--------------------------------------------------------------------------------
[2025-06-18 13:15:18] SESIÓN #24 - User 2 - Command: schtasks /Run /TN "CapturaWireshark_Usuario2" 2>&1
Output: CORRECTO: se ha intentado ejecutar la tarea programada "CapturaWireshark_Usuario2".
Return code: 0
Task: CapturaWireshark_Usuario2
--------------------------------------------------------------------------------
k_Usuario2
--------------------------------------------------------------------------------
[2025-06-18 14:33:38] User 2 - Command: schtasks /Run /TN "CapturaWireshark_Usuario2" 2>&1
Output: INFORMACIàN: la tarea programada "CapturaWireshark_Usuario2" est  ejecut ndose actualmente.
CORRECTO: se ha intentado ejecutar la tarea programada "CapturaWireshark_Usuario2".
Return code: 0
[2025-06-18 14:33:38] User 2 - Command: schtasks /Run /TN "CapturaWireshark_Usuario2" 2>&1
Output: CORRECTO: se ha intentado ejecutar la tarea programada "CapturaWireshark_Usuario2".
Return code: 0
[2025-06-18 14:36:13] User 2 - Command: schtasks /Run /TN "CapturaWireshark_Usuario2" 2>&1
Output: CORRECTO: se ha intentado ejecutar la tarea programada "CapturaWireshark_Usuario2".
Return code: 0
[2025-06-18 14:36:13] User 2 - Command: schtasks /Run /TN "CapturaWireshark_Usuario2" 2>&1
Output: INFORMACIàN: la tarea programada "CapturaWireshark_Usuario2" est  ejecut ndose actualmente.
CORRECTO: se ha intentado ejecutar la tarea programada "CapturaWireshark_Usuario2".
Return code: 0
[2025-06-18 14:57:10] User 2 - Command: schtasks /Run /TN "CapturaWireshark_Usuario2" 2>&1
Output: CORRECTO: se ha intentado ejecutar la tarea programada "CapturaWireshark_Usuario2".
Return code: 0
[2025-06-18 15:25:36] User 2 - Command: schtasks /Run /TN "CapturaWireshark_Usuario2" 2>&1
Output: CORRECTO: se ha intentado ejecutar la tarea programada "CapturaWireshark_Usuario2".
Return code: 0
[2025-06-18 15:25:36] User 2 - Command: schtasks /Run /TN "CapturaWireshark_Usuario2" 2>&1
Output: INFORMACIàN: la tarea programada "CapturaWireshark_Usuario2" est  ejecut ndose actualmente.
CORRECTO: se ha intentado ejecutar la tarea programada "CapturaWireshark_Usuario2".
Return code: 0
[2025-06-18 15:42:12] User 2 - Command: schtasks /Run /TN "CapturaWireshark_Usuario2" 2>&1
Output: CORRECTO: se ha intentado ejecutar la tarea programada "CapturaWireshark_Usuario2".
Return code: 0
[2025-06-18 15:42:12] User 2 - Command: schtasks /Run /TN "CapturaWireshark_Usuario2" 2>&1
Output: CORRECTO: se ha intentado ejecutar la tarea programada "CapturaWireshark_Usuario2".
Return code: 0
[2025-06-18 15:58:50] User 2 - Command: schtasks /Run /TN "CapturaWireshark_Usuario2" 2>&1
Output: CORRECTO: se ha intentado ejecutar la tarea programada "CapturaWireshark_Usuario2".
Return code: 0
[2025-06-18 15:58:50] User 2 - Command: schtasks /Run /TN "CapturaWireshark_Usuario2" 2>&1
Output: INFORMACIàN: la tarea programada "CapturaWireshark_Usuario2" est  ejecut ndose actualmente.
CORRECTO: se ha intentado ejecutar la tarea programada "CapturaWireshark_Usuario2".
Return code: 0
[2025-06-18 16:48:07] User 2 - Command: schtasks /Run /TN "CapturaWireshark_Usuario2" 2>&1
Output: CORRECTO: se ha intentado ejecutar la tarea programada "CapturaWireshark_Usuario2".
Return code: 0
O: se ha intentado ejecutar la tarea programada "CapturaWireshark_Usuario2".
Return code: 0
[2025-06-18 17:23:08] User 2 - Command: schtasks /Run /TN "CapturaWireshark_Usuario2" 2>&1
Output: INFORMACIàN: la tarea programada "CapturaWireshark_Usuario2" est  ejecut ndose actualmente.
CORRECTO: se ha intentado ejecutar la tarea programada "CapturaWireshark_Usuario2".
Return code: 0
[2025-06-18 17:23:08] User 2 - Command: schtasks /Run /TN "CapturaWireshark_Usuario2" 2>&1
Output: CORRECTO: se ha intentado ejecutar la tarea programada "CapturaWireshark_Usuario2".
Return code: 0
[2025-06-19 14:26:44] User 2 - Command: schtasks /Run /TN "CapturaWireshark_Usuario2" 2>&1
Output: CORRECTO: se ha intentado ejecutar la tarea programada "CapturaWireshark_Usuario2".
Return code: 0
[2025-06-19 14:26:44] User 2 - Command: schtasks /Run /TN "CapturaWireshark_Usuario2" 2>&1
Output: INFORMACIàN: la tarea programada "CapturaWireshark_Usuario2" est  ejecut ndose actualmente.
CORRECTO: se ha intentado ejecutar la tarea programada "CapturaWireshark_Usuario2".
Return code: 0
[2025-06-19 14:51:44] User 2 - Command: schtasks /Run /TN "CapturaWireshark_Usuario2" 2>&1
Output: CORRECTO: se ha intentado ejecutar la tarea programada "CapturaWireshark_Usuario2".
Return code: 0
[2025-06-19 14:51:44] User 2 - Command: schtasks /Run /TN "CapturaWireshark_Usuario2" 2>&1
Output: INFORMACIàN: la tarea programada "CapturaWireshark_Usuario2" est  ejecut ndose actualmente.
CORRECTO: se ha intentado ejecutar la tarea programada "CapturaWireshark_Usuario2".
Return code: 0
[2025-06-19 15:09:00] User 3 - Command: schtasks /Run /TN "CapturaWireshark_Usuario3" 2>&1
Output: INFORMACIàN: la tarea programada "CapturaWireshark_Usuario3" est  ejecut ndose actualmente.
CORRECTO: se ha intentado ejecutar la tarea programada "CapturaWireshark_Usuario3".
Return code: 0
[2025-06-19 15:09:00] User 3 - Command: schtasks /Run /TN "CapturaWireshark_Usuario3" 2>&1
Output: CORRECTO: se ha intentado ejecutar la tarea programada "CapturaWireshark_Usuario3".
Return code: 0
[2025-06-19 15:28:07] User 3 - Command: schtasks /Run /TN "CapturaWireshark_Usuario3" 2>&1
Output: CORRECTO: se ha intentado ejecutar la tarea programada "CapturaWireshark_Usuario3".
Return code: 0
[2025-06-19 15:28:07] User 3 - Command: schtasks /Run /TN "CapturaWireshark_Usuario3" 2>&1
Output: INFORMACIàN: la tarea programada "CapturaWireshark_Usuario3" est  ejecut ndose actualmente.
CORRECTO: se ha intentado ejecutar la tarea programada "CapturaWireshark_Usuario3".
Return code: 0
[2025-06-19 22:27:29] User 2 - Command: schtasks /Run /TN "CapturaWireshark_Usuario2" 2>&1
Output: CORRECTO: se ha intentado ejecutar la tarea programada "CapturaWireshark_Usuario2".
Return code: 0
[2025-06-19 22:32:38] User 2 - Command: schtasks /Run /TN "CapturaWireshark_Usuario2" 2>&1
Output: CORRECTO: se ha intentado ejecutar la tarea programada "CapturaWireshark_Usuario2".
Return code: 0
[2025-06-19 22:32:38] User 2 - Command: schtasks /Run /TN "CapturaWireshark_Usuario2" 2>&1
Output: INFORMACIàN: la tarea programada "CapturaWireshark_Usuario2" est  ejecut ndose actualmente.
CORRECTO: se ha intentado ejecutar la tarea programada "CapturaWireshark_Usuario2".
Return code: 0
[2025-06-19 22:44:19] User 2 - Command: schtasks /Run /TN "CapturaWireshark_Usuario2" 2>&1
Output: CORRECTO: se ha intentado ejecutar la tarea programada "CapturaWireshark_Usuario2".
Return code: 0
[2025-06-19 23:01:03] User 2 - Command: schtasks /Run /TN "CapturaWireshark_Usuario2" 2>&1
Output: CORRECTO: se ha intentado ejecutar la tarea programada "CapturaWireshark_Usuario2".
Return code: 0
[2025-06-19 23:01:03] User 2 - Command: schtasks /Run /TN "CapturaWireshark_Usuario2" 2>&1
Output: CORRECTO: se ha intentado ejecutar la tarea programada "CapturaWireshark_Usuario2".
Return code: 0
[2025-06-19 23:08:47] User 2 - Command: schtasks /Run /TN "CapturaWireshark_Usuario2" 2>&1
Output: INFORMACIàN: la tarea programada "CapturaWireshark_Usuario2" est  ejecut ndose actualmente.
CORRECTO: se ha intentado ejecutar la tarea programada "CapturaWireshark_Usuario2".
Return code: 0
[2025-06-19 23:08:47] User 2 - Command: schtasks /Run /TN "CapturaWireshark_Usuario2" 2>&1
Output: CORRECTO: se ha intentado ejecutar la tarea programada "CapturaWireshark_Usuario2".
Return code: 0
[2025-06-19 23:20:31] User 2 - Command: schtasks /Run /TN "CapturaWireshark_Usuario2" 2>&1
Output: CORRECTO: se ha intentado ejecutar la tarea programada "CapturaWireshark_Usuario2".
Return code: 0
[2025-06-19 23:20:31] User 2 - Command: schtasks /Run /TN "CapturaWireshark_Usuario2" 2>&1
Output: INFORMACIàN: la tarea programada "CapturaWireshark_Usuario2" est  ejecut ndose actualmente.
CORRECTO: se ha intentado ejecutar la tarea programada "CapturaWireshark_Usuario2".
Return code: 0
[2025-06-19 23:36:21] User 2 - Command: schtasks /Run /TN "CapturaWireshark_Usuario2" 2>&1
Output: CORRECTO: se ha intentado ejecutar la tarea programada "CapturaWireshark_Usuario2".
Return code: 0
O: se ha intentado ejecutar la tarea programada "CapturaWireshark_Usuario2".
Return code: 0
[2025-06-20 00:55:08] User 2 - Command: schtasks /Run /TN "CapturaWireshark_Usuario2" 2>&1
Output: CORRECTO: se ha intentado ejecutar la tarea programada "CapturaWireshark_Usuario2".
Return code: 0
[2025-06-20 00:55:08] User 2 - Command: schtasks /Run /TN "CapturaWireshark_Usuario2" 2>&1
Output: INFORMACIàN: la tarea programada "CapturaWireshark_Usuario2" est  ejecut ndose actualmente.
CORRECTO: se ha intentado ejecutar la tarea programada "CapturaWireshark_Usuario2".
Return code: 0
[2025-06-20 15:28:52] User 2 - Command: schtasks /Run /TN "CapturaWireshark_Usuario2" 2>&1
Output: CORRECTO: se ha intentado ejecutar la tarea programada "CapturaWireshark_Usuario2".
Return code: 0
[2025-06-20 15:30:17] User 2 - Command: schtasks /Run /TN "CapturaWireshark_Usuario2" 2>&1
Output: CORRECTO: se ha intentado ejecutar la tarea programada "CapturaWireshark_Usuario2".
Return code: 0
[2025-06-20 15:46:16] User 2 - Command: schtasks /Run /TN "CapturaWireshark_Usuario2" 2>&1
Output: CORRECTO: se ha intentado ejecutar la tarea programada "CapturaWireshark_Usuario2".
Return code: 0
O: se ha intentado ejecutar la tarea programada "CapturaWireshark_Usuario2".
Return code: 0
[2025-06-20 17:00:53] User 2 - Command: schtasks /Run /TN "CapturaWireshark_Usuario2" 2>&1
Output: CORRECTO: se ha intentado ejecutar la tarea programada "CapturaWireshark_Usuario2".
Return code: 0
[2025-06-20 17:00:53] User 2 - Command: schtasks /Run /TN "CapturaWireshark_Usuario2" 2>&1
Output: INFORMACIàN: la tarea programada "CapturaWireshark_Usuario2" est  ejecut ndose actualmente.
CORRECTO: se ha intentado ejecutar la tarea programada "CapturaWireshark_Usuario2".
Return code: 0
[2025-06-20 17:12:11] User 2 - Command: schtasks /Run /TN "CapturaWireshark_Usuario2" 2>&1
Output: CORRECTO: se ha intentado ejecutar la tarea programada "CapturaWireshark_Usuario2".
Return code: 0
O: se ha intentado ejecutar la tarea programada "CapturaWireshark_Usuario2".
Return code: 0
[2025-06-20 17:38:37] User 2 - Command: schtasks /Run /TN "CapturaWireshark_Usuario2" 2>&1
Output: CORRECTO: se ha intentado ejecutar la tarea programada "CapturaWireshark_Usuario2".
Return code: 0
[2025-06-20 17:38:37] User 2 - Command: schtasks /Run /TN "CapturaWireshark_Usuario2" 2>&1
Output: INFORMACIàN: la tarea programada "CapturaWireshark_Usuario2" est  ejecut ndose actualmente.
CORRECTO: se ha intentado ejecutar la tarea programada "CapturaWireshark_Usuario2".
Return code: 0
[2025-06-20 17:54:48] User 3 - Command: schtasks /Run /TN "CapturaWireshark_Usuario3" 2>&1
Output: CORRECTO: se ha intentado ejecutar la tarea programada "CapturaWireshark_Usuario3".
Return code: 0
[2025-06-20 17:54:48] User 3 - Command: schtasks /Run /TN "CapturaWireshark_Usuario3" 2>&1
Output: INFORMACIàN: la tarea programada "CapturaWireshark_Usuario3" est  ejecut ndose actualmente.
CORRECTO: se ha intentado ejecutar la tarea programada "CapturaWireshark_Usuario3".
Return code: 0
[2025-06-20 20:18:44] User 2 - Command: schtasks /Run /TN "CapturaWireshark_Usuario2" 2>&1
Output: CORRECTO: se ha intentado ejecutar la tarea programada "CapturaWireshark_Usuario2".
Return code: 0
[2025-06-20 20:18:44] User 2 - Command: schtasks /Run /TN "CapturaWireshark_Usuario2" 2>&1
Output: INFORMACIàN: la tarea programada "CapturaWireshark_Usuario2" est  ejecut ndose actualmente.
CORRECTO: se ha intentado ejecutar la tarea programada "CapturaWireshark_Usuario2".
Return code: 0
[2025-06-22 22:12:35] User 2 - Command: schtasks /Run /TN "CapturaWireshark_Usuario2" 2>&1
Output: CORRECTO: se ha intentado ejecutar la tarea programada "CapturaWireshark_Usuario2".
Return code: 0
O: se ha intentado ejecutar la tarea programada "CapturaWireshark_Usuario2".
Return code: 0
[2025-06-22 22:32:15] User 2 - Command: schtasks /Run /TN "CapturaWireshark_Usuario2" 2>&1
Output: CORRECTO: se ha intentado ejecutar la tarea programada "CapturaWireshark_Usuario2".
Return code: 0
[2025-06-22 22:32:15] User 2 - Command: schtasks /Run /TN "CapturaWireshark_Usuario2" 2>&1
Output: INFORMACIàN: la tarea programada "CapturaWireshark_Usuario2" est  ejecut ndose actualmente.
CORRECTO: se ha intentado ejecutar la tarea programada "CapturaWireshark_Usuario2".
Return code: 0
[2025-06-22 22:53:50] User 2 - Command: schtasks /Run /TN "CapturaWireshark_Usuario2" 2>&1
Output: CORRECTO: se ha intentado ejecutar la tarea programada "CapturaWireshark_Usuario2".
Return code: 0
[2025-06-22 22:53:50] User 2 - Command: schtasks /Run /TN "CapturaWireshark_Usuario2" 2>&1
Output: INFORMACIàN: la tarea programada "CapturaWireshark_Usuario2" est  ejecut ndose actualmente.
CORRECTO: se ha intentado ejecutar la tarea programada "CapturaWireshark_Usuario2".
Return code: 0
[2025-06-23 01:05:13] User 2 - Command: schtasks /Run /TN "CapturaWireshark_Usuario2" 2>&1
Output: CORRECTO: se ha intentado ejecutar la tarea programada "CapturaWireshark_Usuario2".
Return code: 0
[2025-06-23 01:05:13] User 2 - Command: schtasks /Run /TN "CapturaWireshark_Usuario2" 2>&1
Output: INFORMACIàN: la tarea programada "CapturaWireshark_Usuario2" est  ejecut ndose actualmente.
CORRECTO: se ha intentado ejecutar la tarea programada "CapturaWireshark_Usuario2".
Return code: 0
[2025-06-23 01:16:07] User 2 - Command: schtasks /Run /TN "CapturaWireshark_Usuario2" 2>&1
Output: CORRECTO: se ha intentado ejecutar la tarea programada "CapturaWireshark_Usuario2".
Return code: 0
[2025-06-23 01:16:07] User 2 - Command: schtasks /Run /TN "CapturaWireshark_Usuario2" 2>&1
Output: CORRECTO: se ha intentado ejecutar la tarea programada "CapturaWireshark_Usuario2".
Return code: 0
[2025-06-23 01:21:23] User 2 - Command: schtasks /Run /TN "CapturaWireshark_Usuario2" 2>&1
Output: INFORMACIàN: la tarea programada "CapturaWireshark_Usuario2" est  ejecut ndose actualmente.
CORRECTO: se ha intentado ejecutar la tarea programada "CapturaWireshark_Usuario2".
Return code: 0
[2025-06-23 01:21:23] User 2 - Command: schtasks /Run /TN "CapturaWireshark_Usuario2" 2>&1
Output: CORRECTO: se ha intentado ejecutar la tarea programada "CapturaWireshark_Usuario2".
Return code: 0
[2025-06-23 12:21:47] User 2 - Command: schtasks /Run /TN "CapturaWireshark_Usuario2" 2>&1
Output: CORRECTO: se ha intentado ejecutar la tarea programada "CapturaWireshark_Usuario2".
Return code: 0
[2025-06-23 12:21:47] User 2 - Command: schtasks /Run /TN "CapturaWireshark_Usuario2" 2>&1
Output: INFORMACIàN: la tarea programada "CapturaWireshark_Usuario2" est  ejecut ndose actualmente.
CORRECTO: se ha intentado ejecutar la tarea programada "CapturaWireshark_Usuario2".
Return code: 0
[2025-06-23 12:46:42] User 2 - Iniciando proceso de captura
[2025-06-23 12:46:43] User 2 - Intento 1/3
Comando: schtasks /Run /TN "CapturaWireshark_Usuario2" 2>&1
Salida: CORRECTO: se ha intentado ejecutar la tarea programada "CapturaWireshark_Usuario2".
Código de retorno: 0
ÉXITO en intento 1

[2025-06-23 12:46:43] User 2 - Proceso finalizado con estado: ÉXITO
[2025-06-23 13:00:39] User 2 - Iniciando proceso de captura
[2025-06-23 13:00:40] User 2 - Intento 1/3
Comando: schtasks /Run /TN "CapturaWireshark_Usuario2" 2>&1
Salida: CORRECTO: se ha intentado ejecutar la tarea programada "CapturaWireshark_Usuario2".
Código de retorno: 0
ÉXITO en intento 1

[2025-06-23 13:00:40] User 2 - Proceso finalizado con estado: ÉXITO
[2025-06-23 15:01:53] User 2 - Iniciando proceso de captura
[2025-06-23 15:01:54] User 2 - Intento 1/3
Comando: schtasks /Run /TN "CapturaWireshark_Usuario2" 2>&1
Salida: CORRECTO: se ha intentado ejecutar la tarea programada "CapturaWireshark_Usuario2".
Código de retorno: 0
ÉXITO en intento 1

[2025-06-23 15:01:54] User 2 - Proceso finalizado con estado: ÉXITO
[2025-06-23 19:36:44] User 2 - Iniciando proceso de captura
[2025-06-23 19:36:44] User 2 - Intento 1/3
Comando: schtasks /Run /TN "CapturaWireshark_Usuario2" 2>&1
Salida: CORRECTO: se ha intentado ejecutar la tarea programada "CapturaWireshark_Usuario2".
Código de retorno: 0
ÉXITO en intento 1

[2025-06-23 19:36:44] User 2 - Proceso finalizado con estado: ÉXITO
[2025-06-23 19:50:50] User 2 - Iniciando proceso de captura
[2025-06-23 19:50:50] User 2 - Intento 1/3
Comando: schtasks /Run /TN "CapturaWireshark_Usuario2" 2>&1
Salida: CORRECTO: se ha intentado ejecutar la tarea programada "CapturaWireshark_Usuario2".
Código de retorno: 0
ÉXITO en intento 1

[2025-06-23 19:50:50] User 2 - Proceso finalizado con estado: ÉXITO
[2025-06-23 20:00:09] User 2 - Iniciando proceso de captura
[2025-06-23 20:00:10] User 2 - Intento 1/3
Comando: schtasks /Run /TN "CapturaWireshark_Usuario2" 2>&1
Salida: CORRECTO: se ha intentado ejecutar la tarea programada "CapturaWireshark_Usuario2".
Código de retorno: 0
ÉXITO en intento 1

[2025-06-23 20:00:10] User 2 - Proceso finalizado con estado: ÉXITO
[2025-06-23 20:02:38] User 3 - Iniciando proceso de captura
[2025-06-23 20:02:38] User 3 - Intento 1/3
Comando: schtasks /Run /TN "CapturaWireshark_Usuario3" 2>&1
Salida: CORRECTO: se ha intentado ejecutar la tarea programada "CapturaWireshark_Usuario3".
Código de retorno: 0
ÉXITO en intento 1

[2025-06-23 20:02:38] User 3 - Proceso finalizado con estado: ÉXITO
[2025-06-23 21:07:56] User 2 - Iniciando proceso de captura
[2025-06-23 21:07:56] User 2 - Intento 1/3
Comando: schtasks /Run /TN "CapturaWireshark_Usuario2" 2>&1
Salida: CORRECTO: se ha intentado ejecutar la tarea programada "CapturaWireshark_Usuario2".
Código de retorno: 0
ÉXITO en intento 1

[2025-06-23 21:07:56] User 2 - Proceso finalizado con estado: ÉXITO
[2025-06-23 21:11:46] User 2 - Iniciando proceso de captura
[2025-06-23 21:11:46] User 2 - Intento 1/3
Comando: schtasks /Run /TN "CapturaWireshark_Usuario2" 2>&1
Salida: CORRECTO: se ha intentado ejecutar la tarea programada "CapturaWireshark_Usuario2".
Código de retorno: 0
ÉXITO en intento 1

[2025-06-23 21:11:46] User 2 - Proceso finalizado con estado: ÉXITO
[2025-06-23 22:53:40] User 2 - Iniciando proceso de captura
[2025-06-23 22:53:41] User 2 - Intento 1/3
Comando: schtasks /Run /TN "CapturaWireshark_Usuario2" 2>&1
Salida: CORRECTO: se ha intentado ejecutar la tarea programada "CapturaWireshark_Usuario2".
Código de retorno: 0
ÉXITO en intento 1

[2025-06-23 22:53:41] User 2 - Proceso finalizado con estado: ÉXITO
[2025-06-23 22:58:50] User 2 - Iniciando proceso de captura
[2025-06-23 22:58:51] User 2 - Intento 1/3
Comando: schtasks /Run /TN "CapturaWireshark_Usuario2" 2>&1
Salida: CORRECTO: se ha intentado ejecutar la tarea programada "CapturaWireshark_Usuario2".
Código de retorno: 0
ÉXITO en intento 1

[2025-06-23 22:58:51] User 2 - Proceso finalizado con estado: ÉXITO
[2025-06-23 23:05:45] User 2 - Iniciando proceso de captura
[2025-06-23 23:05:46] User 2 - Intento 1/3
Comando: schtasks /Run /TN "CapturaWireshark_Usuario2" 2>&1
Salida: CORRECTO: se ha intentado ejecutar la tarea programada "CapturaWireshark_Usuario2".
Código de retorno: 0
ÉXITO en intento 1

[2025-06-23 23:05:46] User 2 - Proceso finalizado con estado: ÉXITO
[2025-06-23 23:16:00] User 2 - Iniciando proceso de captura
[2025-06-23 23:16:00] User 2 - Intento 1/3
Comando: schtasks /Run /TN "CapturaWireshark_Usuario2" 2>&1
Salida: CORRECTO: se ha intentado ejecutar la tarea programada "CapturaWireshark_Usuario2".
Código de retorno: 0
ÉXITO en intento 1

[2025-06-23 23:16:00] User 2 - Proceso finalizado con estado: ÉXITO
[2025-06-24 17:27:44] User 2 - Iniciando proceso de captura
[2025-06-24 17:27:45] User 2 - Intento 1/3
Comando: schtasks /Run /TN "CapturaWireshark_Usuario2" 2>&1
Salida: CORRECTO: se ha intentado ejecutar la tarea programada "CapturaWireshark_Usuario2".
Código de retorno: 0
ÉXITO en intento 1

[2025-06-24 17:27:45] User 2 - Proceso finalizado con estado: ÉXITO
[2025-06-24 17:59:34] User 2 - Iniciando proceso de captura
[2025-06-24 17:59:35] User 2 - Intento 1/3
Comando: schtasks /Run /TN "CapturaWireshark_Usuario2" 2>&1
Salida: CORRECTO: se ha intentado ejecutar la tarea programada "CapturaWireshark_Usuario2".
Código de retorno: 0
ÉXITO en intento 1

[2025-06-24 17:59:35] User 2 - Proceso finalizado con estado: ÉXITO
[2025-06-24 18:05:59] User 2 - Iniciando proceso de captura
[2025-06-24 18:06:00] User 2 - Intento 1/3
Comando: schtasks /Run /TN "CapturaWireshark_Usuario2" 2>&1
Salida: CORRECTO: se ha intentado ejecutar la tarea programada "CapturaWireshark_Usuario2".
Código de retorno: 0
ÉXITO en intento 1

[2025-06-24 18:06:00] User 2 - Proceso finalizado con estado: ÉXITO
[2025-06-24 18:08:50] User 3 - Iniciando proceso de captura
[2025-06-24 18:08:50] User 3 - Intento 1/3
Comando: schtasks /Run /TN "CapturaWireshark_Usuario3" 2>&1
Salida: CORRECTO: se ha intentado ejecutar la tarea programada "CapturaWireshark_Usuario3".
Código de retorno: 0
ÉXITO en intento 1

[2025-06-24 18:08:50] User 3 - Proceso finalizado con estado: ÉXITO
[2025-06-24 18:19:21] User 3 - INICIANDO captura
[2025-06-24 18:19:22] User 3 - Intento 1
Comando: schtasks /Run /TN "CapturaWireshark_Usuario3" 2>&1
Salida: CORRECTO: se ha intentado ejecutar la tarea programada "CapturaWireshark_Usuario3".
Código: 0
ÉXITO

[2025-06-24 18:19:25] User 3 - Proceso start finalizado
[2025-06-24 19:29:38] User 2 - INICIANDO captura
[2025-06-24 19:29:38] User 2 - Intento 1
Comando: schtasks /Run /TN "CapturaWireshark_Usuario2" 2>&1
Salida: CORRECTO: se ha intentado ejecutar la tarea programada "CapturaWireshark_Usuario2".
Código: 0
ÉXITO

[2025-06-24 19:29:41] User 2 - Proceso start finalizado
[2025-06-24 23:11:06] User 2 - INICIANDO captura
[2025-06-24 23:11:07] User 2 - Intento 1
Comando: schtasks /Run /TN "CapturaWireshark_Usuario2" 2>&1
Salida: CORRECTO: se ha intentado ejecutar la tarea programada "CapturaWireshark_Usuario2".
Código: 0
ÉXITO

[2025-06-24 23:11:09] User 2 - Proceso start finalizado
[2025-06-24 23:14:32] User 2 - INICIANDO captura
[2025-06-24 23:14:32] User 2 - Intento 1
Comando: schtasks /Run /TN "CapturaWireshark_Usuario2" 2>&1
Salida: CORRECTO: se ha intentado ejecutar la tarea programada "CapturaWireshark_Usuario2".
Código: 0
ÉXITO

[2025-06-24 23:14:34] User 2 - Proceso start finalizado
[2025-06-24 23:27:14] User 2 - INICIANDO captura
[2025-06-24 23:27:15] User 2 - Intento 1
Comando: schtasks /Run /TN "CapturaWireshark_Usuario2" 2>&1
Salida: CORRECTO: se ha intentado ejecutar la tarea programada "CapturaWireshark_Usuario2".
Código: 0
ÉXITO

[2025-06-24 23:27:17] User 2 - Proceso start finalizado
[2025-06-25 11:19:24] User 2 - INICIANDO captura
[2025-06-25 11:19:24] User 2 - Intento 1
Comando: schtasks /Run /TN "CapturaWireshark_Usuario2" 2>&1
Salida: CORRECTO: se ha intentado ejecutar la tarea programada "CapturaWireshark_Usuario2".
Código: 0
ÉXITO

[2025-06-25 11:19:27] User 2 - Proceso start finalizado
[2025-06-25 11:26:12] User 2 - INICIANDO captura
[2025-06-25 11:26:13] User 2 - Intento 1
Comando: schtasks /Run /TN "CapturaWireshark_Usuario2" 2>&1
Salida: CORRECTO: se ha intentado ejecutar la tarea programada "CapturaWireshark_Usuario2".
Código: 0
ÉXITO

[2025-06-25 11:26:15] User 2 - Proceso start finalizado
[2025-06-25 11:38:44] User 2 - INICIANDO captura
[2025-06-25 11:38:45] User 2 - Intento 1
Comando: schtasks /Run /TN "CapturaWireshark_Usuario2" 2>&1
Salida: CORRECTO: se ha intentado ejecutar la tarea programada "CapturaWireshark_Usuario2".
Código: 0
ÉXITO

[2025-06-25 11:38:47] User 2 - Proceso start finalizado
[2025-06-25 12:41:12] User 2 - INICIANDO captura
[2025-06-25 12:41:13] User 2 - Intento 1
Comando: schtasks /Run /TN "CapturaWireshark_Usuario2" 2>&1
Salida: CORRECTO: se ha intentado ejecutar la tarea programada "CapturaWireshark_Usuario2".
Código: 0
ÉXITO

[2025-06-25 12:41:15] User 2 - Proceso start finalizado
[2025-06-25 12:52:10] User 2 - INICIANDO captura
[2025-06-25 12:52:11] User 2 - Intento 1
Comando: schtasks /Run /TN "CapturaWireshark_Usuario2" 2>&1
Salida: CORRECTO: se ha intentado ejecutar la tarea programada "CapturaWireshark_Usuario2".
Código: 0
ÉXITO

[2025-06-25 12:52:13] User 2 - Proceso start finalizado
[2025-06-25 13:03:04] User 2 - INICIANDO captura
[2025-06-25 13:03:05] User 2 - Intento 1
Comando: schtasks /Run /TN "CapturaWireshark_Usuario2" 2>&1
Salida: CORRECTO: se ha intentado ejecutar la tarea programada "CapturaWireshark_Usuario2".
Código: 0
ÉXITO

[2025-06-25 13:03:07] User 2 - Proceso start finalizado
[2025-06-29 19:38:39] User 2 - INICIANDO captura
[2025-06-29 19:38:39] User 2 - Intento 1
Comando: schtasks /Run /TN "CapturaWireshark_Usuario2" 2>&1
Salida: CORRECTO: se ha intentado ejecutar la tarea programada "CapturaWireshark_Usuario2".
Código: 0
ÉXITO

[2025-06-29 19:38:41] User 2 - Proceso start finalizado
[2025-06-30 20:53:36] User 2 - INICIANDO captura
[2025-06-30 20:53:37] User 2 - Intento 1
Comando: schtasks /Run /TN "CapturaWireshark_Usuario2" 2>&1
Salida: CORRECTO: se ha intentado ejecutar la tarea programada "CapturaWireshark_Usuario2".
Código: 0
ÉXITO

[2025-06-30 20:53:39] User 2 - Proceso start finalizado
[2025-06-30 21:01:46] User 2 - INICIANDO captura
[2025-06-30 21:01:47] User 2 - Intento 1
Comando: schtasks /Run /TN "CapturaWireshark_Usuario2" 2>&1
Salida: CORRECTO: se ha intentado ejecutar la tarea programada "CapturaWireshark_Usuario2".
Código: 0
ÉXITO

[2025-06-30 21:01:49] User 2 - Proceso start finalizado
[2025-07-01 15:37:30] User 2 - INICIANDO captura
[2025-07-01 15:37:30] User 2 - Intento 1
Comando: schtasks /Run /TN "CapturaWireshark_Usuario2" 2>&1
Salida: CORRECTO: se ha intentado ejecutar la tarea programada "CapturaWireshark_Usuario2".
Código: 0
ÉXITO

[2025-07-01 15:37:33] User 2 - Proceso start finalizado
[2025-07-02 14:37:04] User 2 - INICIANDO captura
[2025-07-02 14:37:04] User 2 - Intento 1
Comando: schtasks /Run /TN "CapturaWireshark_Usuario2" 2>&1
Salida: CORRECTO: se ha intentado ejecutar la tarea programada "CapturaWireshark_Usuario2".
Código: 0
ÉXITO

[2025-07-02 14:37:06] User 2 - Proceso start finalizado
[2025-07-02 14:46:58] User 2 - INICIANDO captura
[2025-07-02 14:46:58] User 2 - Intento 1
Comando: schtasks /Run /TN "CapturaWireshark_Usuario2" 2>&1
Salida: CORRECTO: se ha intentado ejecutar la tarea programada "CapturaWireshark_Usuario2".
Código: 0
ÉXITO

[2025-07-02 14:47:00] User 2 - Proceso start finalizado
[2025-07-02 15:18:42] User 2 - INICIANDO captura
[2025-07-02 15:18:42] User 2 - Intento 1
Comando: schtasks /Run /TN "CapturaWireshark_Usuario2" 2>&1
Salida: CORRECTO: se ha intentado ejecutar la tarea programada "CapturaWireshark_Usuario2".
Código: 0
ÉXITO

[2025-07-02 15:18:44] User 2 - Proceso start finalizado
[2025-07-02 15:41:39] User 2 - INICIANDO captura
[2025-07-02 15:41:40] User 2 - Intento 1
Comando: schtasks /Run /TN "CapturaWireshark_Usuario2" 2>&1
Salida: CORRECTO: se ha intentado ejecutar la tarea programada "CapturaWireshark_Usuario2".
Código: 0
ÉXITO

[2025-07-02 15:41:42] User 2 - Proceso start finalizado
[2025-07-02 16:13:43] User 2 - INICIANDO captura
[2025-07-02 16:13:44] User 2 - Intento 1
Comando: schtasks /Run /TN "CapturaWireshark_Usuario2" 2>&1
Salida: CORRECTO: se ha intentado ejecutar la tarea programada "CapturaWireshark_Usuario2".
Código: 0
ÉXITO

[2025-07-02 16:13:46] User 2 - Proceso start finalizado
[2025-07-02 16:22:58] User 2 - INICIANDO captura
[2025-07-02 16:22:59] User 2 - Intento 1
Comando: schtasks /Run /TN "CapturaWireshark_Usuario2" 2>&1
Salida: CORRECTO: se ha intentado ejecutar la tarea programada "CapturaWireshark_Usuario2".
Código: 0
ÉXITO

[2025-07-02 16:23:02] User 2 - Proceso start finalizado
[2025-07-02 16:25:38] User 2 - INICIANDO captura
[2025-07-02 16:25:39] User 2 - Intento 1
Comando: schtasks /Run /TN "CapturaWireshark_Usuario2" 2>&1
Salida: CORRECTO: se ha intentado ejecutar la tarea programada "CapturaWireshark_Usuario2".
Código: 0
ÉXITO

[2025-07-02 16:25:42] User 2 - Proceso start finalizado
[2025-07-02 16:48:19] User 2 - INICIANDO captura
[2025-07-02 16:48:19] User 2 - Intento 1
Comando: schtasks /Run /TN "CapturaWireshark_Usuario2" 2>&1
Salida: CORRECTO: se ha intentado ejecutar la tarea programada "CapturaWireshark_Usuario2".
Código: 0
ÉXITO

[2025-07-02 16:48:22] User 2 - Proceso start finalizado
[2025-07-02 20:12:59] User 2 - INICIANDO captura
[2025-07-02 20:13:00] User 2 - Intento 1
Comando: schtasks /Run /TN "CapturaWireshark_Usuario2" 2>&1
Salida: CORRECTO: se ha intentado ejecutar la tarea programada "CapturaWireshark_Usuario2".
Código: 0
ÉXITO

[2025-07-02 20:13:02] User 2 - Proceso start finalizado
[2025-07-03 13:10:05] User 2 - INICIANDO captura
[2025-07-03 13:10:06] User 2 - Intento 1
Comando: schtasks /Run /TN "CapturaWireshark_Usuario2" 2>&1
Salida: CORRECTO: se ha intentado ejecutar la tarea programada "CapturaWireshark_Usuario2".
Código: 0
ÉXITO

[2025-07-03 13:10:08] User 2 - Proceso start finalizado
[2025-07-03 13:17:00] User 2 - INICIANDO captura
[2025-07-03 13:17:01] User 2 - Intento 1
Comando: schtasks /Run /TN "CapturaWireshark_Usuario2" 2>&1
Salida: CORRECTO: se ha intentado ejecutar la tarea programada "CapturaWireshark_Usuario2".
Código: 0
ÉXITO

[2025-07-03 13:17:03] User 2 - Proceso start finalizado
[2025-07-05 17:08:54] User 3 - INICIANDO captura
[2025-07-05 17:08:54] User 3 - Intento 1
Comando: schtasks /Run /TN "CapturaWireshark_Usuario3" 2>&1
Salida: CORRECTO: se ha intentado ejecutar la tarea programada "CapturaWireshark_Usuario3".
Código: 0
ÉXITO

[2025-07-05 17:08:56] User 3 - Proceso start finalizado
[2025-07-05 17:17:47] User 3 - INICIANDO captura
[2025-07-05 17:17:47] User 3 - Intento 1
Comando: schtasks /Run /TN "CapturaWireshark_Usuario3" 2>&1
Salida: CORRECTO: se ha intentado ejecutar la tarea programada "CapturaWireshark_Usuario3".
Código: 0
ÉXITO

[2025-07-05 17:17:49] User 3 - Proceso start finalizado
[2025-07-15 21:59:56] User 2 - INICIANDO captura
[2025-07-15 21:59:57] User 2 - Intento 1
Comando: schtasks /Run /TN "CapturaWireshark_Usuario2" 2>&1
Salida: CORRECTO: se ha intentado ejecutar la tarea programada "CapturaWireshark_Usuario2".
Código: 0
ÉXITO

[2025-07-15 21:59:59] User 2 - Proceso start finalizado
[2025-07-15 22:08:14] User 2 - INICIANDO captura
[2025-07-15 22:08:14] User 2 - Intento 1
Comando: schtasks /Run /TN "CapturaWireshark_Usuario2" 2>&1
Salida: CORRECTO: se ha intentado ejecutar la tarea programada "CapturaWireshark_Usuario2".
Código: 0
ÉXITO

[2025-07-15 22:08:16] User 2 - Proceso start finalizado
[2025-07-15 22:12:37] User 2 - INICIANDO captura
[2025-07-15 22:12:38] User 2 - Intento 1
Comando: schtasks /Run /TN "CapturaWireshark_Usuario2" 2>&1
Salida: CORRECTO: se ha intentado ejecutar la tarea programada "CapturaWireshark_Usuario2".
Código: 0
ÉXITO

[2025-07-15 22:12:40] User 2 - Proceso start finalizado
[2025-07-15 22:31:45] User 2 - INICIANDO captura
[2025-07-15 22:31:45] User 2 - Intento 1
Comando: schtasks /Run /TN "CapturaWireshark_Usuario2" 2>&1
Salida: CORRECTO: se ha intentado ejecutar la tarea programada "CapturaWireshark_Usuario2".
Código: 0
ÉXITO

[2025-07-15 22:31:48] User 2 - Proceso start finalizado
[2025-07-18 13:11:36] User 2 - INICIANDO captura
[2025-07-18 13:11:36] User 2 - Intento 1
Comando: schtasks /Run /TN "CapturaWireshark_Usuario2" 2>&1
Salida: CORRECTO: se ha intentado ejecutar la tarea programada "CapturaWireshark_Usuario2".
Código: 0
ÉXITO

[2025-07-18 13:11:38] User 2 - Proceso start finalizado
[2025-07-18 22:16:23] User 2 - INICIANDO captura
[2025-07-18 22:16:23] User 2 - Intento 1
Comando: schtasks /Run /TN "CapturaWireshark_Usuario2" 2>&1
Salida: CORRECTO: se ha intentado ejecutar la tarea programada "CapturaWireshark_Usuario2".
Código: 0
ÉXITO

[2025-07-18 22:16:25] User 2 - Proceso start finalizado
[2025-07-18 22:24:30] User 2 - INICIANDO captura
[2025-07-18 22:24:31] User 2 - Intento 1
Comando: schtasks /Run /TN "CapturaWireshark_Usuario2" 2>&1
Salida: CORRECTO: se ha intentado ejecutar la tarea programada "CapturaWireshark_Usuario2".
Código: 0
ÉXITO

[2025-07-18 22:24:33] User 2 - Proceso start finalizado
[2025-07-18 22:31:54] User 2 - INICIANDO captura
[2025-07-18 22:31:54] User 2 - Intento 1
Comando: schtasks /Run /TN "CapturaWireshark_Usuario2" 2>&1
Salida: CORRECTO: se ha intentado ejecutar la tarea programada "CapturaWireshark_Usuario2".
Código: 0
ÉXITO

[2025-07-18 22:31:56] User 2 - Proceso start finalizado
[2025-07-18 22:42:36] User 3 - INICIANDO captura
[2025-07-18 22:42:37] User 3 - Intento 1
Comando: schtasks /Run /TN "CapturaWireshark_Usuario3" 2>&1
Salida: CORRECTO: se ha intentado ejecutar la tarea programada "CapturaWireshark_Usuario3".
Código: 0
ÉXITO

[2025-07-18 22:42:39] User 3 - Proceso start finalizado
[2025-07-18 22:47:38] User 3 - INICIANDO captura
[2025-07-18 22:47:38] User 3 - Intento 1
Comando: schtasks /Run /TN "CapturaWireshark_Usuario3" 2>&1
Salida: CORRECTO: se ha intentado ejecutar la tarea programada "CapturaWireshark_Usuario3".
Código: 0
ÉXITO

[2025-07-18 22:47:40] User 3 - Proceso start finalizado
[2025-07-18 23:02:23] User 3 - INICIANDO captura
[2025-07-18 23:02:23] User 3 - Intento 1
Comando: schtasks /Run /TN "CapturaWireshark_Usuario3" 2>&1
Salida: CORRECTO: se ha intentado ejecutar la tarea programada "CapturaWireshark_Usuario3".
Código: 0
ÉXITO

[2025-07-18 23:02:25] User 3 - Proceso start finalizado
[2025-07-19 13:19:28] User 2 - INICIANDO captura
[2025-07-19 13:19:28] User 2 - Intento 1
Comando: schtasks /Run /TN "CapturaWireshark_Usuario2" 2>&1
Salida: CORRECTO: se ha intentado ejecutar la tarea programada "CapturaWireshark_Usuario2".
Código: 0
ÉXITO

[2025-07-19 13:19:30] User 2 - Proceso start finalizado
[2025-07-19 13:38:27] User 2 - INICIANDO captura
[2025-07-19 13:38:27] User 2 - Intento 1
Comando: schtasks /Run /TN "CapturaWireshark_Usuario2" 2>&1
Salida: CORRECTO: se ha intentado ejecutar la tarea programada "CapturaWireshark_Usuario2".
Código: 0
ÉXITO

[2025-07-19 13:38:30] User 2 - Proceso start finalizado
[2025-07-19 13:59:09] User 2 - INICIANDO captura
[2025-07-19 13:59:09] User 2 - Intento 1
Comando: schtasks /Run /TN "CapturaWireshark_Usuario2" 2>&1
Salida: CORRECTO: se ha intentado ejecutar la tarea programada "CapturaWireshark_Usuario2".
Código: 0
ÉXITO

[2025-07-19 13:59:11] User 2 - Proceso start finalizado
[2025-07-19 16:53:25] User 2 - INICIANDO captura
[2025-07-19 16:53:25] User 2 - Intento 1
Comando: schtasks /Run /TN "CapturaWireshark_Usuario2" 2>&1
Salida: CORRECTO: se ha intentado ejecutar la tarea programada "CapturaWireshark_Usuario2".
Código: 0
ÉXITO

[2025-07-19 16:53:27] User 2 - Proceso start finalizado
[2025-07-19 22:12:24] User 2 - INICIANDO captura
[2025-07-19 22:12:24] User 2 - Intento 1
Comando: schtasks /Run /TN "CapturaWireshark_Usuario2" 2>&1
Salida: CORRECTO: se ha intentado ejecutar la tarea programada "CapturaWireshark_Usuario2".
Código: 0
ÉXITO

[2025-07-19 22:12:26] User 2 - Proceso start finalizado
[2025-07-21 17:34:01] User 2 - INICIANDO captura
[2025-07-21 17:34:01] User 2 - Intento 1
Comando: schtasks /Run /TN "CapturaWireshark_Usuario2" 2>&1
Salida: CORRECTO: se ha intentado ejecutar la tarea programada "CapturaWireshark_Usuario2".
Código: 0
ÉXITO

[2025-07-21 17:34:04] User 2 - Proceso start finalizado
